Determining if the pthread_create exist failed with the following output:
Change Dir: /home/dpark/map-fusion/gui/gui/build/CMakeFiles/CMakeTmp

Run Build Command:"/usr/bin/make" "cmTC_9e026/fast"
/usr/bin/make -f CMakeFiles/cmTC_9e026.dir/build.make CMakeFiles/cmTC_9e026.dir/build
make[1]: Entering directory '/home/dpark/map-fusion/gui/gui/build/CMakeFiles/CMakeTmp'
Building C object CMakeFiles/cmTC_9e026.dir/CheckSymbolExists.c.o
/usr/bin/cc    -o CMakeFiles/cmTC_9e026.dir/CheckSymbolExists.c.o   -c /home/dpark/map-fusion/gui/gui/build/CMakeFiles/CMakeTmp/CheckSymbolExists.c
Linking C executable cmTC_9e026
/usr/bin/cmake -E cmake_link_script CMakeFiles/cmTC_9e026.dir/link.txt --verbose=1
/usr/bin/cc      -rdynamic CMakeFiles/cmTC_9e026.dir/CheckSymbolExists.c.o  -o cmTC_9e026 
CMakeFiles/cmTC_9e026.dir/CheckSymbolExists.c.o: In function `main':
CheckSymbolExists.c:(.text+0x1b): undefined reference to `pthread_create'
collect2: error: ld returned 1 exit status
CMakeFiles/cmTC_9e026.dir/build.make:97: recipe for target 'cmTC_9e026' failed
make[1]: *** [cmTC_9e026] Error 1
make[1]: Leaving directory '/home/dpark/map-fusion/gui/gui/build/CMakeFiles/CMakeTmp'
Makefile:126: recipe for target 'cmTC_9e026/fast' failed
make: *** [cmTC_9e026/fast] Error 2

File /home/dpark/map-fusion/gui/gui/build/CMakeFiles/CMakeTmp/CheckSymbolExists.c:
/* */
#include <pthread.h>

int main(int argc, char** argv)
{
  (void)argv;
#ifndef pthread_create
  return ((int*)(&pthread_create))[argc];
#else
  (void)argc;
  return 0;
#endif
}

Determining if the function pthread_create exists in the pthreads failed with the following output:
Change Dir: /home/dpark/map-fusion/gui/gui/build/CMakeFiles/CMakeTmp

Run Build Command:"/usr/bin/make" "cmTC_4c57d/fast"
/usr/bin/make -f CMakeFiles/cmTC_4c57d.dir/build.make CMakeFiles/cmTC_4c57d.dir/build
make[1]: Entering directory '/home/dpark/map-fusion/gui/gui/build/CMakeFiles/CMakeTmp'
Building C object CMakeFiles/cmTC_4c57d.dir/CheckFunctionExists.c.o
/usr/bin/cc   -DCHECK_FUNCTION_EXISTS=pthread_create   -o CMakeFiles/cmTC_4c57d.dir/CheckFunctionExists.c.o   -c /usr/share/cmake-3.10/Modules/CheckFunctionExists.c
Linking C executable cmTC_4c57d
/usr/bin/cmake -E cmake_link_script CMakeFiles/cmTC_4c57d.dir/link.txt --verbose=1
/usr/bin/cc  -DCHECK_FUNCTION_EXISTS=pthread_create    -rdynamic CMakeFiles/cmTC_4c57d.dir/CheckFunctionExists.c.o  -o cmTC_4c57d -lpthreads 
/usr/bin/ld: cannot find -lpthreads
collect2: error: ld returned 1 exit status
CMakeFiles/cmTC_4c57d.dir/build.make:97: recipe for target 'cmTC_4c57d' failed
make[1]: *** [cmTC_4c57d] Error 1
make[1]: Leaving directory '/home/dpark/map-fusion/gui/gui/build/CMakeFiles/CMakeTmp'
Makefile:126: recipe for target 'cmTC_4c57d/fast' failed
make: *** [cmTC_4c57d/fast] Error 2


Determining if the Q_WS_WIN exist failed with the following output:
Change Dir: /home/dpark/map-fusion/gui/gui/build/CMakeFiles/CMakeTmp

Run Build Command:"/usr/bin/make" "cmTC_0fb92/fast"
/usr/bin/make -f CMakeFiles/cmTC_0fb92.dir/build.make CMakeFiles/cmTC_0fb92.dir/build
make[1]: Entering directory '/home/dpark/map-fusion/gui/gui/build/CMakeFiles/CMakeTmp'
Building CXX object CMakeFiles/cmTC_0fb92.dir/CheckSymbolExists.cxx.o
/usr/bin/c++   -I/usr/include/qt4  -std=c++11 -march=native -Wall -g -rdynamic    -o CMakeFiles/cmTC_0fb92.dir/CheckSymbolExists.cxx.o -c /home/dpark/map-fusion/gui/gui/build/CMakeFiles/CMakeTmp/CheckSymbolExists.cxx
/home/dpark/map-fusion/gui/gui/build/CMakeFiles/CMakeTmp/CheckSymbolExists.cxx: In function ‘int main(int, char**)’:
/home/dpark/map-fusion/gui/gui/build/CMakeFiles/CMakeTmp/CheckSymbolExists.cxx:8:19: error: ‘Q_WS_WIN’ was not declared in this scope
   return ((int*)(&Q_WS_WIN))[argc];
                   ^~~~~~~~
/home/dpark/map-fusion/gui/gui/build/CMakeFiles/CMakeTmp/CheckSymbolExists.cxx:8:19: note: suggested alternative: ‘Q_WS_X11’
   return ((int*)(&Q_WS_WIN))[argc];
                   ^~~~~~~~
                   Q_WS_X11
CMakeFiles/cmTC_0fb92.dir/build.make:65: recipe for target 'CMakeFiles/cmTC_0fb92.dir/CheckSymbolExists.cxx.o' failed
make[1]: *** [CMakeFiles/cmTC_0fb92.dir/CheckSymbolExists.cxx.o] Error 1
make[1]: Leaving directory '/home/dpark/map-fusion/gui/gui/build/CMakeFiles/CMakeTmp'
Makefile:126: recipe for target 'cmTC_0fb92/fast' failed
make: *** [cmTC_0fb92/fast] Error 2

File /home/dpark/map-fusion/gui/gui/build/CMakeFiles/CMakeTmp/CheckSymbolExists.cxx:
/* */
#include <QtCore/qglobal.h>

int main(int argc, char** argv)
{
  (void)argv;
#ifndef Q_WS_WIN
  return ((int*)(&Q_WS_WIN))[argc];
#else
  (void)argc;
  return 0;
#endif
}

Determining if the Q_WS_QWS exist failed with the following output:
Change Dir: /home/dpark/map-fusion/gui/gui/build/CMakeFiles/CMakeTmp

Run Build Command:"/usr/bin/make" "cmTC_f0e27/fast"
/usr/bin/make -f CMakeFiles/cmTC_f0e27.dir/build.make CMakeFiles/cmTC_f0e27.dir/build
make[1]: Entering directory '/home/dpark/map-fusion/gui/gui/build/CMakeFiles/CMakeTmp'
Building CXX object CMakeFiles/cmTC_f0e27.dir/CheckSymbolExists.cxx.o
/usr/bin/c++   -I/usr/include/qt4  -std=c++11 -march=native -Wall -g -rdynamic    -o CMakeFiles/cmTC_f0e27.dir/CheckSymbolExists.cxx.o -c /home/dpark/map-fusion/gui/gui/build/CMakeFiles/CMakeTmp/CheckSymbolExists.cxx
/home/dpark/map-fusion/gui/gui/build/CMakeFiles/CMakeTmp/CheckSymbolExists.cxx: In function ‘int main(int, char**)’:
/home/dpark/map-fusion/gui/gui/build/CMakeFiles/CMakeTmp/CheckSymbolExists.cxx:8:19: error: ‘Q_WS_QWS’ was not declared in this scope
   return ((int*)(&Q_WS_QWS))[argc];
                   ^~~~~~~~
/home/dpark/map-fusion/gui/gui/build/CMakeFiles/CMakeTmp/CheckSymbolExists.cxx:8:19: note: suggested alternative: ‘Q_WS_X11’
   return ((int*)(&Q_WS_QWS))[argc];
                   ^~~~~~~~
                   Q_WS_X11
CMakeFiles/cmTC_f0e27.dir/build.make:65: recipe for target 'CMakeFiles/cmTC_f0e27.dir/CheckSymbolExists.cxx.o' failed
make[1]: *** [CMakeFiles/cmTC_f0e27.dir/CheckSymbolExists.cxx.o] Error 1
make[1]: Leaving directory '/home/dpark/map-fusion/gui/gui/build/CMakeFiles/CMakeTmp'
Makefile:126: recipe for target 'cmTC_f0e27/fast' failed
make: *** [cmTC_f0e27/fast] Error 2

File /home/dpark/map-fusion/gui/gui/build/CMakeFiles/CMakeTmp/CheckSymbolExists.cxx:
/* */
#include <QtCore/qglobal.h>

int main(int argc, char** argv)
{
  (void)argv;
#ifndef Q_WS_QWS
  return ((int*)(&Q_WS_QWS))[argc];
#else
  (void)argc;
  return 0;
#endif
}

Determining if the Q_WS_MAC exist failed with the following output:
Change Dir: /home/dpark/map-fusion/gui/gui/build/CMakeFiles/CMakeTmp

Run Build Command:"/usr/bin/make" "cmTC_f938a/fast"
/usr/bin/make -f CMakeFiles/cmTC_f938a.dir/build.make CMakeFiles/cmTC_f938a.dir/build
make[1]: Entering directory '/home/dpark/map-fusion/gui/gui/build/CMakeFiles/CMakeTmp'
Building CXX object CMakeFiles/cmTC_f938a.dir/CheckSymbolExists.cxx.o
/usr/bin/c++   -I/usr/include/qt4  -std=c++11 -march=native -Wall -g -rdynamic    -o CMakeFiles/cmTC_f938a.dir/CheckSymbolExists.cxx.o -c /home/dpark/map-fusion/gui/gui/build/CMakeFiles/CMakeTmp/CheckSymbolExists.cxx
/home/dpark/map-fusion/gui/gui/build/CMakeFiles/CMakeTmp/CheckSymbolExists.cxx: In function ‘int main(int, char**)’:
/home/dpark/map-fusion/gui/gui/build/CMakeFiles/CMakeTmp/CheckSymbolExists.cxx:8:19: error: ‘Q_WS_MAC’ was not declared in this scope
   return ((int*)(&Q_WS_MAC))[argc];
                   ^~~~~~~~
/home/dpark/map-fusion/gui/gui/build/CMakeFiles/CMakeTmp/CheckSymbolExists.cxx:8:19: note: suggested alternative: ‘Q_WS_X11’
   return ((int*)(&Q_WS_MAC))[argc];
                   ^~~~~~~~
                   Q_WS_X11
CMakeFiles/cmTC_f938a.dir/build.make:65: recipe for target 'CMakeFiles/cmTC_f938a.dir/CheckSymbolExists.cxx.o' failed
make[1]: *** [CMakeFiles/cmTC_f938a.dir/CheckSymbolExists.cxx.o] Error 1
make[1]: Leaving directory '/home/dpark/map-fusion/gui/gui/build/CMakeFiles/CMakeTmp'
Makefile:126: recipe for target 'cmTC_f938a/fast' failed
make: *** [cmTC_f938a/fast] Error 2

File /home/dpark/map-fusion/gui/gui/build/CMakeFiles/CMakeTmp/CheckSymbolExists.cxx:
/* */
#include <QtCore/qglobal.h>

int main(int argc, char** argv)
{
  (void)argv;
#ifndef Q_WS_MAC
  return ((int*)(&Q_WS_MAC))[argc];
#else
  (void)argc;
  return 0;
#endif
}

