Determining if the pthread_create exist failed with the following output:
Change Dir: /home/dpark/map-fusion/catkin_ws_Indep.Study/src/gui/gui/build/CMakeFiles/CMakeTmp

Run Build Command:"/usr/bin/make" "cmTC_cdbed/fast"
/usr/bin/make -f CMakeFiles/cmTC_cdbed.dir/build.make CMakeFiles/cmTC_cdbed.dir/build
make[1]: Entering directory '/home/dpark/map-fusion/catkin_ws_Indep.Study/src/gui/gui/build/CMakeFiles/CMakeTmp'
Building C object CMakeFiles/cmTC_cdbed.dir/CheckSymbolExists.c.o
/usr/bin/cc    -o CMakeFiles/cmTC_cdbed.dir/CheckSymbolExists.c.o   -c /home/dpark/map-fusion/catkin_ws_Indep.Study/src/gui/gui/build/CMakeFiles/CMakeTmp/CheckSymbolExists.c
Linking C executable cmTC_cdbed
/usr/bin/cmake -E cmake_link_script CMakeFiles/cmTC_cdbed.dir/link.txt --verbose=1
/usr/bin/cc      -rdynamic CMakeFiles/cmTC_cdbed.dir/CheckSymbolExists.c.o  -o cmTC_cdbed 
CMakeFiles/cmTC_cdbed.dir/CheckSymbolExists.c.o: In function `main':
CheckSymbolExists.c:(.text+0x1b): undefined reference to `pthread_create'
collect2: error: ld returned 1 exit status
CMakeFiles/cmTC_cdbed.dir/build.make:97: recipe for target 'cmTC_cdbed' failed
make[1]: *** [cmTC_cdbed] Error 1
make[1]: Leaving directory '/home/dpark/map-fusion/catkin_ws_Indep.Study/src/gui/gui/build/CMakeFiles/CMakeTmp'
Makefile:126: recipe for target 'cmTC_cdbed/fast' failed
make: *** [cmTC_cdbed/fast] Error 2

File /home/dpark/map-fusion/catkin_ws_Indep.Study/src/gui/gui/build/CMakeFiles/CMakeTmp/CheckSymbolExists.c:
/* */
#include <pthread.h>

int main(int argc, char** argv)
{
  (void)argv;
#ifndef pthread_create
  return ((int*)(&pthread_create))[argc];
#else
  (void)argc;
  return 0;
#endif
}

Determining if the function pthread_create exists in the pthreads failed with the following output:
Change Dir: /home/dpark/map-fusion/catkin_ws_Indep.Study/src/gui/gui/build/CMakeFiles/CMakeTmp

Run Build Command:"/usr/bin/make" "cmTC_5db36/fast"
/usr/bin/make -f CMakeFiles/cmTC_5db36.dir/build.make CMakeFiles/cmTC_5db36.dir/build
make[1]: Entering directory '/home/dpark/map-fusion/catkin_ws_Indep.Study/src/gui/gui/build/CMakeFiles/CMakeTmp'
Building C object CMakeFiles/cmTC_5db36.dir/CheckFunctionExists.c.o
/usr/bin/cc   -DCHECK_FUNCTION_EXISTS=pthread_create   -o CMakeFiles/cmTC_5db36.dir/CheckFunctionExists.c.o   -c /usr/share/cmake-3.10/Modules/CheckFunctionExists.c
Linking C executable cmTC_5db36
/usr/bin/cmake -E cmake_link_script CMakeFiles/cmTC_5db36.dir/link.txt --verbose=1
/usr/bin/cc  -DCHECK_FUNCTION_EXISTS=pthread_create    -rdynamic CMakeFiles/cmTC_5db36.dir/CheckFunctionExists.c.o  -o cmTC_5db36 -lpthreads 
/usr/bin/ld: cannot find -lpthreads
collect2: error: ld returned 1 exit status
CMakeFiles/cmTC_5db36.dir/build.make:97: recipe for target 'cmTC_5db36' failed
make[1]: *** [cmTC_5db36] Error 1
make[1]: Leaving directory '/home/dpark/map-fusion/catkin_ws_Indep.Study/src/gui/gui/build/CMakeFiles/CMakeTmp'
Makefile:126: recipe for target 'cmTC_5db36/fast' failed
make: *** [cmTC_5db36/fast] Error 2


Determining if the Q_WS_WIN exist failed with the following output:
Change Dir: /home/dpark/map-fusion/catkin_ws_Indep.Study/src/gui/gui/build/CMakeFiles/CMakeTmp

Run Build Command:"/usr/bin/make" "cmTC_46ef8/fast"
/usr/bin/make -f CMakeFiles/cmTC_46ef8.dir/build.make CMakeFiles/cmTC_46ef8.dir/build
make[1]: Entering directory '/home/dpark/map-fusion/catkin_ws_Indep.Study/src/gui/gui/build/CMakeFiles/CMakeTmp'
Building CXX object CMakeFiles/cmTC_46ef8.dir/CheckSymbolExists.cxx.o
/usr/bin/c++   -I/usr/include/qt4  -std=c++11 -march=native -Wall -g -rdynamic    -o CMakeFiles/cmTC_46ef8.dir/CheckSymbolExists.cxx.o -c /home/dpark/map-fusion/catkin_ws_Indep.Study/src/gui/gui/build/CMakeFiles/CMakeTmp/CheckSymbolExists.cxx
/home/dpark/map-fusion/catkin_ws_Indep.Study/src/gui/gui/build/CMakeFiles/CMakeTmp/CheckSymbolExists.cxx: In function ‘int main(int, char**)’:
/home/dpark/map-fusion/catkin_ws_Indep.Study/src/gui/gui/build/CMakeFiles/CMakeTmp/CheckSymbolExists.cxx:8:19: error: ‘Q_WS_WIN’ was not declared in this scope
   return ((int*)(&Q_WS_WIN))[argc];
                   ^~~~~~~~
/home/dpark/map-fusion/catkin_ws_Indep.Study/src/gui/gui/build/CMakeFiles/CMakeTmp/CheckSymbolExists.cxx:8:19: note: suggested alternative: ‘Q_WS_X11’
   return ((int*)(&Q_WS_WIN))[argc];
                   ^~~~~~~~
                   Q_WS_X11
CMakeFiles/cmTC_46ef8.dir/build.make:65: recipe for target 'CMakeFiles/cmTC_46ef8.dir/CheckSymbolExists.cxx.o' failed
make[1]: *** [CMakeFiles/cmTC_46ef8.dir/CheckSymbolExists.cxx.o] Error 1
make[1]: Leaving directory '/home/dpark/map-fusion/catkin_ws_Indep.Study/src/gui/gui/build/CMakeFiles/CMakeTmp'
Makefile:126: recipe for target 'cmTC_46ef8/fast' failed
make: *** [cmTC_46ef8/fast] Error 2

File /home/dpark/map-fusion/catkin_ws_Indep.Study/src/gui/gui/build/CMakeFiles/CMakeTmp/CheckSymbolExists.cxx:
/* */
#include <QtCore/qglobal.h>

int main(int argc, char** argv)
{
  (void)argv;
#ifndef Q_WS_WIN
  return ((int*)(&Q_WS_WIN))[argc];
#else
  (void)argc;
  return 0;
#endif
}

Determining if the Q_WS_QWS exist failed with the following output:
Change Dir: /home/dpark/map-fusion/catkin_ws_Indep.Study/src/gui/gui/build/CMakeFiles/CMakeTmp

Run Build Command:"/usr/bin/make" "cmTC_ad88d/fast"
/usr/bin/make -f CMakeFiles/cmTC_ad88d.dir/build.make CMakeFiles/cmTC_ad88d.dir/build
make[1]: Entering directory '/home/dpark/map-fusion/catkin_ws_Indep.Study/src/gui/gui/build/CMakeFiles/CMakeTmp'
Building CXX object CMakeFiles/cmTC_ad88d.dir/CheckSymbolExists.cxx.o
/usr/bin/c++   -I/usr/include/qt4  -std=c++11 -march=native -Wall -g -rdynamic    -o CMakeFiles/cmTC_ad88d.dir/CheckSymbolExists.cxx.o -c /home/dpark/map-fusion/catkin_ws_Indep.Study/src/gui/gui/build/CMakeFiles/CMakeTmp/CheckSymbolExists.cxx
/home/dpark/map-fusion/catkin_ws_Indep.Study/src/gui/gui/build/CMakeFiles/CMakeTmp/CheckSymbolExists.cxx: In function ‘int main(int, char**)’:
/home/dpark/map-fusion/catkin_ws_Indep.Study/src/gui/gui/build/CMakeFiles/CMakeTmp/CheckSymbolExists.cxx:8:19: error: ‘Q_WS_QWS’ was not declared in this scope
   return ((int*)(&Q_WS_QWS))[argc];
                   ^~~~~~~~
/home/dpark/map-fusion/catkin_ws_Indep.Study/src/gui/gui/build/CMakeFiles/CMakeTmp/CheckSymbolExists.cxx:8:19: note: suggested alternative: ‘Q_WS_X11’
   return ((int*)(&Q_WS_QWS))[argc];
                   ^~~~~~~~
                   Q_WS_X11
CMakeFiles/cmTC_ad88d.dir/build.make:65: recipe for target 'CMakeFiles/cmTC_ad88d.dir/CheckSymbolExists.cxx.o' failed
make[1]: *** [CMakeFiles/cmTC_ad88d.dir/CheckSymbolExists.cxx.o] Error 1
make[1]: Leaving directory '/home/dpark/map-fusion/catkin_ws_Indep.Study/src/gui/gui/build/CMakeFiles/CMakeTmp'
Makefile:126: recipe for target 'cmTC_ad88d/fast' failed
make: *** [cmTC_ad88d/fast] Error 2

File /home/dpark/map-fusion/catkin_ws_Indep.Study/src/gui/gui/build/CMakeFiles/CMakeTmp/CheckSymbolExists.cxx:
/* */
#include <QtCore/qglobal.h>

int main(int argc, char** argv)
{
  (void)argv;
#ifndef Q_WS_QWS
  return ((int*)(&Q_WS_QWS))[argc];
#else
  (void)argc;
  return 0;
#endif
}

Determining if the Q_WS_MAC exist failed with the following output:
Change Dir: /home/dpark/map-fusion/catkin_ws_Indep.Study/src/gui/gui/build/CMakeFiles/CMakeTmp

Run Build Command:"/usr/bin/make" "cmTC_8297b/fast"
/usr/bin/make -f CMakeFiles/cmTC_8297b.dir/build.make CMakeFiles/cmTC_8297b.dir/build
make[1]: Entering directory '/home/dpark/map-fusion/catkin_ws_Indep.Study/src/gui/gui/build/CMakeFiles/CMakeTmp'
Building CXX object CMakeFiles/cmTC_8297b.dir/CheckSymbolExists.cxx.o
/usr/bin/c++   -I/usr/include/qt4  -std=c++11 -march=native -Wall -g -rdynamic    -o CMakeFiles/cmTC_8297b.dir/CheckSymbolExists.cxx.o -c /home/dpark/map-fusion/catkin_ws_Indep.Study/src/gui/gui/build/CMakeFiles/CMakeTmp/CheckSymbolExists.cxx
/home/dpark/map-fusion/catkin_ws_Indep.Study/src/gui/gui/build/CMakeFiles/CMakeTmp/CheckSymbolExists.cxx: In function ‘int main(int, char**)’:
/home/dpark/map-fusion/catkin_ws_Indep.Study/src/gui/gui/build/CMakeFiles/CMakeTmp/CheckSymbolExists.cxx:8:19: error: ‘Q_WS_MAC’ was not declared in this scope
   return ((int*)(&Q_WS_MAC))[argc];
                   ^~~~~~~~
/home/dpark/map-fusion/catkin_ws_Indep.Study/src/gui/gui/build/CMakeFiles/CMakeTmp/CheckSymbolExists.cxx:8:19: note: suggested alternative: ‘Q_WS_X11’
   return ((int*)(&Q_WS_MAC))[argc];
                   ^~~~~~~~
                   Q_WS_X11
CMakeFiles/cmTC_8297b.dir/build.make:65: recipe for target 'CMakeFiles/cmTC_8297b.dir/CheckSymbolExists.cxx.o' failed
make[1]: *** [CMakeFiles/cmTC_8297b.dir/CheckSymbolExists.cxx.o] Error 1
make[1]: Leaving directory '/home/dpark/map-fusion/catkin_ws_Indep.Study/src/gui/gui/build/CMakeFiles/CMakeTmp'
Makefile:126: recipe for target 'cmTC_8297b/fast' failed
make: *** [cmTC_8297b/fast] Error 2

File /home/dpark/map-fusion/catkin_ws_Indep.Study/src/gui/gui/build/CMakeFiles/CMakeTmp/CheckSymbolExists.cxx:
/* */
#include <QtCore/qglobal.h>

int main(int argc, char** argv)
{
  (void)argv;
#ifndef Q_WS_MAC
  return ((int*)(&Q_WS_MAC))[argc];
#else
  (void)argc;
  return 0;
#endif
}

